native/androidApp/build/intermediates/manifest_merge_blame_file/debug/processDebugMainManifest/manifest-merger-blame-debug-report.txt
1<?xml version="1.0" encoding="utf-8"?>
2<manifest xmlns:android="http://schemas.android.com/apk/res/android"
3    package="org.revue_2_presse"
4    android:versionCode="22"
5    android:versionName="22" >
6
7    <uses-sdk
8        android:minSdkVersion="23"
9        android:targetSdkVersion="35" />
10
11    <uses-permission android:name="android.permission.INTERNET" />
11-->src/androidMain/AndroidManifest.xml:4:5-67
11-->src/androidMain/AndroidManifest.xml:4:22-64
12    <uses-permission android:name="android.permission.ACCESS_NETWORK_STATE" />
12-->src/androidMain/AndroidManifest.xml:5:5-79
12-->src/androidMain/AndroidManifest.xml:5:22-76
13
14    <permission
14-->[androidx.core:core:1.13.1] AndroidManifest.xml:22:5-24:47
15        android:name="org.revue_2_presse.DYNAMIC_RECEIVER_NOT_EXPORTED_PERMISSION"
15-->[androidx.core:core:1.13.1] AndroidManifest.xml:23:9-81
16        android:protectionLevel="signature" />
16-->[androidx.core:core:1.13.1] AndroidManifest.xml:24:9-44
17
18    <uses-permission android:name="org.revue_2_presse.DYNAMIC_RECEIVER_NOT_EXPORTED_PERMISSION" />
18-->[androidx.core:core:1.13.1] AndroidManifest.xml:26:5-97
18-->[androidx.core:core:1.13.1] AndroidManifest.xml:26:22-94
19
20    <application
20-->src/androidMain/AndroidManifest.xml:7:5-35:19
21        android:name="org.revue_2_presse.android.RdpApplication"
21-->src/androidMain/AndroidManifest.xml:8:9-65
22        android:allowBackup="false"
22-->src/androidMain/AndroidManifest.xml:14:9-36
23        android:appComponentFactory="androidx.core.app.CoreComponentFactory"
23-->[androidx.core:core:1.13.1] AndroidManifest.xml:28:18-86
24        android:debuggable="true"
25        android:extractNativeLibs="false"
26        android:icon="@mipmap/ic_launcher"
26-->src/androidMain/AndroidManifest.xml:10:9-43
27        android:label="@string/app_name"
27-->src/androidMain/AndroidManifest.xml:9:9-41
28        android:roundIcon="@mipmap/ic_launcher_round"
28-->src/androidMain/AndroidManifest.xml:11:9-54
29        android:supportsRtl="true"
29-->src/androidMain/AndroidManifest.xml:13:9-35
30        android:theme="@android:style/Theme.Material.Light.NoActionBar" >
30-->src/androidMain/AndroidManifest.xml:12:9-72
31        <activity
31-->src/androidMain/AndroidManifest.xml:16:9-33:20
32            android:name="org.revue_2_presse.android.MainActivity"
32-->src/androidMain/AndroidManifest.xml:17:13-67
33            android:configChanges="orientation|screenSize|smallestScreenSize|screenLayout|keyboardHidden|uiMode"
33-->src/androidMain/AndroidManifest.xml:19:13-113
34            android:exported="true" >
34-->src/androidMain/AndroidManifest.xml:18:13-36
35            <intent-filter>
35-->src/androidMain/AndroidManifest.xml:21:13-24:29
36                <action android:name="android.intent.action.MAIN" />
36-->src/androidMain/AndroidManifest.xml:22:17-69
36-->src/androidMain/AndroidManifest.xml:22:25-66
37
38                <category android:name="android.intent.category.LAUNCHER" />
38-->src/androidMain/AndroidManifest.xml:23:17-77
38-->src/androidMain/AndroidManifest.xml:23:27-74
39            </intent-filter>
40            <intent-filter android:autoVerify="true" >
40-->src/androidMain/AndroidManifest.xml:26:13-31:29
40-->src/androidMain/AndroidManifest.xml:26:28-53
41                <action android:name="android.intent.action.VIEW" />
41-->src/androidMain/AndroidManifest.xml:27:17-69
41-->src/androidMain/AndroidManifest.xml:27:25-66
42
43                <category android:name="android.intent.category.DEFAULT" />
43-->src/androidMain/AndroidManifest.xml:28:17-76
43-->src/androidMain/AndroidManifest.xml:28:27-73
44                <category android:name="android.intent.category.BROWSABLE" />
44-->src/androidMain/AndroidManifest.xml:29:17-78
44-->src/androidMain/AndroidManifest.xml:29:27-75
45
46                <data
46-->src/androidMain/AndroidManifest.xml:30:17-83
47                    android:host="revue-de-presse.org"
47-->src/androidMain/AndroidManifest.xml:30:46-80
48                    android:scheme="https" />
48-->src/androidMain/AndroidManifest.xml:30:23-45
49            </intent-filter>
50        </activity>
51
52        <provider
52-->[org.jetbrains.compose.components:components-resources-android:1.7.1] AndroidManifest.xml:8:9-13:20
53            android:name="org.jetbrains.compose.resources.AndroidContextProvider"
53-->[org.jetbrains.compose.components:components-resources-android:1.7.1] AndroidManifest.xml:9:13-82
54            android:authorities="org.revue_2_presse.resources.AndroidContextProvider"
54-->[org.jetbrains.compose.components:components-resources-android:1.7.1] AndroidManifest.xml:10:13-84
55            android:enabled="true"
55-->[org.jetbrains.compose.components:components-resources-android:1.7.1] AndroidManifest.xml:11:13-35
56            android:exported="false" >
56-->[org.jetbrains.compose.components:components-resources-android:1.7.1] AndroidManifest.xml:12:13-37
57        </provider>
58        <provider
58-->[androidx.emoji2:emoji2:1.3.0] AndroidManifest.xml:24:9-32:20
59            android:name="androidx.startup.InitializationProvider"
59-->[androidx.emoji2:emoji2:1.3.0] AndroidManifest.xml:25:13-67
60            android:authorities="org.revue_2_presse.androidx-startup"
60-->[androidx.emoji2:emoji2:1.3.0] AndroidManifest.xml:26:13-68
61            android:exported="false" >
61-->[androidx.emoji2:emoji2:1.3.0] AndroidManifest.xml:27:13-37
62            <meta-data
62-->[androidx.emoji2:emoji2:1.3.0] AndroidManifest.xml:29:13-31:52
63                android:name="androidx.emoji2.text.EmojiCompatInitializer"
63-->[androidx.emoji2:emoji2:1.3.0] AndroidManifest.xml:30:17-75
64                android:value="androidx.startup" />
64-->[androidx.emoji2:emoji2:1.3.0] AndroidManifest.xml:31:17-49
65            <meta-data
65-->[androidx.lifecycle:lifecycle-process:2.8.7] AndroidManifest.xml:29:13-31:52
66                android:name="androidx.lifecycle.ProcessLifecycleInitializer"
66-->[androidx.lifecycle:lifecycle-process:2.8.7] AndroidManifest.xml:30:17-78
67                android:value="androidx.startup" />
67-->[androidx.lifecycle:lifecycle-process:2.8.7] AndroidManifest.xml:31:17-49
68            <meta-data
68-->[androidx.profileinstaller:profileinstaller:1.4.1] AndroidManifest.xml:29:13-31:52
69                android:name="androidx.profileinstaller.ProfileInstallerInitializer"
69-->[androidx.profileinstaller:profileinstaller:1.4.1] AndroidManifest.xml:30:17-85
70                android:value="androidx.startup" />
70-->[androidx.profileinstaller:profileinstaller:1.4.1] AndroidManifest.xml:31:17-49
71        </provider>
72
73        <uses-library
73-->[androidx.window:window:1.3.0] AndroidManifest.xml:23:9-25:40
74            android:name="androidx.window.extensions"
74-->[androidx.window:window:1.3.0] AndroidManifest.xml:24:13-54
75            android:required="false" />
75-->[androidx.window:window:1.3.0] AndroidManifest.xml:25:13-37
76        <uses-library
76-->[androidx.window:window:1.3.0] AndroidManifest.xml:26:9-28:40
77            android:name="androidx.window.sidecar"
77-->[androidx.window:window:1.3.0] AndroidManifest.xml:27:13-51
78            android:required="false" />
78-->[androidx.window:window:1.3.0] AndroidManifest.xml:28:13-37
79
80        <receiver
80-->[androidx.profileinstaller:profileinstaller:1.4.1] AndroidManifest.xml:34:9-52:20
81            android:name="androidx.profileinstaller.ProfileInstallReceiver"
81-->[androidx.profileinstaller:profileinstaller:1.4.1] AndroidManifest.xml:35:13-76
82            android:directBootAware="false"
82-->[androidx.profileinstaller:profileinstaller:1.4.1] AndroidManifest.xml:36:13-44
83            android:enabled="true"
83-->[androidx.profileinstaller:profileinstaller:1.4.1] AndroidManifest.xml:37:13-35
84            android:exported="true"
84-->[androidx.profileinstaller:profileinstaller:1.4.1] AndroidManifest.xml:38:13-36
85            android:permission="android.permission.DUMP" >
85-->[androidx.profileinstaller:profileinstaller:1.4.1] AndroidManifest.xml:39:13-57
86            <intent-filter>
86-->[androidx.profileinstaller:profileinstaller:1.4.1] AndroidManifest.xml:40:13-42:29
87                <action android:name="androidx.profileinstaller.action.INSTALL_PROFILE" />
87-->[androidx.profileinstaller:profileinstaller:1.4.1] AndroidManifest.xml:41:17-91
87-->[androidx.profileinstaller:profileinstaller:1.4.1] AndroidManifest.xml:41:25-88
88            </intent-filter>
89            <intent-filter>
89-->[androidx.profileinstaller:profileinstaller:1.4.1] AndroidManifest.xml:43:13-45:29
90                <action android:name="androidx.profileinstaller.action.SKIP_FILE" />
90-->[androidx.profileinstaller:profileinstaller:1.4.1] AndroidManifest.xml:44:17-85
90-->[androidx.profileinstaller:profileinstaller:1.4.1] AndroidManifest.xml:44:25-82
91            </intent-filter>
92            <intent-filter>
92-->[androidx.profileinstaller:profileinstaller:1.4.1] AndroidManifest.xml:46:13-48:29
93                <action android:name="androidx.profileinstaller.action.SAVE_PROFILE" />
93-->[androidx.profileinstaller:profileinstaller:1.4.1] AndroidManifest.xml:47:17-88
93-->[androidx.profileinstaller:profileinstaller:1.4.1] AndroidManifest.xml:47:25-85
94            </intent-filter>
95            <intent-filter>
95-->[androidx.profileinstaller:profileinstaller:1.4.1] AndroidManifest.xml:49:13-51:29
96                <action android:name="androidx.profileinstaller.action.BENCHMARK_OPERATION" />
96-->[androidx.profileinstaller:profileinstaller:1.4.1] AndroidManifest.xml:50:17-95
96-->[androidx.profileinstaller:profileinstaller:1.4.1] AndroidManifest.xml:50:25-92
97            </intent-filter>
98        </receiver>
99    </application>
100
101</manifest>